[2016-11-03 11:09:43][INFO] MAIN THREAD - Start !!!, to exit, please make a file:" ./exit.exit 
[2016-11-03 11:09:43][INFO]  propertiesPath-D:\Dropbox\Working\Git\LAOSChool\LaoESchool\WIP\SourceCode\Java\laoschool_firebase\. 
[2016-11-03 11:09:43][INFO]  propertiesPath-FIREBASE_FCM_AUTH_KEY:AIzaSyCisIWVItd72I8Ha9_UGfIR79JwdipzDcA 
[2016-11-03 11:09:43][INFO] ThreadSend[0] Started 
[2016-11-03 11:09:43][INFO] ThreadSend[1] Started 
[2016-11-03 11:09:43][INFO] Create new connection to LaoSchool DB 
[2016-11-03 11:09:43][INFO] ThreadSend[2] Started 
[2016-11-03 11:09:43][ERROR] MAIN THREAD Exception message = The url cannot be null 
[2016-11-03 11:09:43][ERROR] MAIN THREAD 	java.sql.DriverManager.getConnection(DriverManager.java:564) 
[2016-11-03 11:09:43][ERROR] MAIN THREAD 	java.sql.DriverManager.getConnection(DriverManager.java:221) 
[2016-11-03 11:09:43][ERROR] MAIN THREAD 	com.itpro.laoschool.firebase.FireBase_DA.getConn(FireBase_DA.java:58) 
[2016-11-03 11:09:43][ERROR] MAIN THREAD 	com.itpro.laoschool.firebase.FireBase_DA.get_firebase_list(FireBase_DA.java:126) 
[2016-11-03 11:09:43][ERROR] MAIN THREAD 	com.itpro.laoschool.firebase.ClsMain.main(ClsMain.java:84) 
[2016-11-03 11:09:43][INFO] Create new connection to LaoSchool DB 
[2016-11-03 11:10:13][INFO] Create new connection to LaoSchool DB 
[2016-11-03 11:10:13][ERROR] MAIN THREAD Exception message = The url cannot be null 
[2016-11-03 11:10:13][ERROR] MAIN THREAD 	java.sql.DriverManager.getConnection(DriverManager.java:564) 
[2016-11-03 11:10:13][ERROR] MAIN THREAD 	java.sql.DriverManager.getConnection(DriverManager.java:221) 
[2016-11-03 11:10:13][ERROR] MAIN THREAD 	com.itpro.laoschool.firebase.FireBase_DA.getConn(FireBase_DA.java:58) 
[2016-11-03 11:10:13][ERROR] MAIN THREAD 	com.itpro.laoschool.firebase.FireBase_DA.get_firebase_list(FireBase_DA.java:126) 
[2016-11-03 11:10:13][ERROR] MAIN THREAD 	com.itpro.laoschool.firebase.ClsMain.main(ClsMain.java:84) 
[2016-11-03 11:10:13][INFO] Create new connection to LaoSchool DB 
[2016-11-03 11:10:43][INFO] Create new connection to LaoSchool DB 
[2016-11-03 11:10:43][ERROR] MAIN THREAD Exception message = The url cannot be null 
[2016-11-03 11:10:43][ERROR] MAIN THREAD 	java.sql.DriverManager.getConnection(DriverManager.java:564) 
[2016-11-03 11:10:43][ERROR] MAIN THREAD 	java.sql.DriverManager.getConnection(DriverManager.java:221) 
[2016-11-03 11:10:43][ERROR] MAIN THREAD 	com.itpro.laoschool.firebase.FireBase_DA.getConn(FireBase_DA.java:58) 
[2016-11-03 11:10:43][ERROR] MAIN THREAD 	com.itpro.laoschool.firebase.FireBase_DA.get_firebase_list(FireBase_DA.java:126) 
[2016-11-03 11:10:43][ERROR] MAIN THREAD 	com.itpro.laoschool.firebase.ClsMain.main(ClsMain.java:84) 
[2016-11-03 11:10:43][INFO] Create new connection to LaoSchool DB 
[2016-11-03 11:10:53][INFO] ThreadCharge[0] Ping MySQL 
[2016-11-03 11:10:53][INFO] ThreadCharge[1] Ping MySQL 
[2016-11-03 11:10:53][INFO] Create new connection to LaoSchool DB 
[2016-11-03 11:10:53][INFO] Create new connection to LaoSchool DB 
[2016-11-03 11:10:53][INFO] ThreadCharge[2] Ping MySQL 
[2016-11-03 11:10:53][INFO] Create new connection to LaoSchool DB 
[2016-11-03 11:11:13][INFO] Create new connection to LaoSchool DB 
[2016-11-03 11:11:13][ERROR] MAIN THREAD Exception message = The url cannot be null 
[2016-11-03 11:11:13][ERROR] MAIN THREAD 	java.sql.DriverManager.getConnection(DriverManager.java:564) 
[2016-11-03 11:11:13][ERROR] MAIN THREAD 	java.sql.DriverManager.getConnection(DriverManager.java:221) 
[2016-11-03 11:11:13][ERROR] MAIN THREAD 	com.itpro.laoschool.firebase.FireBase_DA.getConn(FireBase_DA.java:58) 
[2016-11-03 11:11:13][ERROR] MAIN THREAD 	com.itpro.laoschool.firebase.FireBase_DA.get_firebase_list(FireBase_DA.java:126) 
[2016-11-03 11:11:13][ERROR] MAIN THREAD 	com.itpro.laoschool.firebase.ClsMain.main(ClsMain.java:84) 
[2016-11-03 11:11:13][INFO] Create new connection to LaoSchool DB 
[2016-11-03 11:11:43][INFO] Create new connection to LaoSchool DB 
[2016-11-03 11:11:43][ERROR] MAIN THREAD Exception message = The url cannot be null 
[2016-11-03 11:11:43][ERROR] MAIN THREAD 	java.sql.DriverManager.getConnection(DriverManager.java:564) 
[2016-11-03 11:11:43][ERROR] MAIN THREAD 	java.sql.DriverManager.getConnection(DriverManager.java:221) 
[2016-11-03 11:11:43][ERROR] MAIN THREAD 	com.itpro.laoschool.firebase.FireBase_DA.getConn(FireBase_DA.java:58) 
[2016-11-03 11:11:43][ERROR] MAIN THREAD 	com.itpro.laoschool.firebase.FireBase_DA.get_firebase_list(FireBase_DA.java:126) 
[2016-11-03 11:11:43][ERROR] MAIN THREAD 	com.itpro.laoschool.firebase.ClsMain.main(ClsMain.java:84) 
[2016-11-03 11:11:43][INFO] Create new connection to LaoSchool DB 
[2016-11-03 11:12:03][INFO] ThreadCharge[1] Ping MySQL 
[2016-11-03 11:12:03][INFO] Create new connection to LaoSchool DB 
[2016-11-03 11:12:03][INFO] ThreadCharge[0] Ping MySQL 
[2016-11-03 11:12:03][INFO] Create new connection to LaoSchool DB 
[2016-11-03 11:12:03][INFO] ThreadCharge[2] Ping MySQL 
[2016-11-03 11:12:03][INFO] Create new connection to LaoSchool DB 
[2016-11-03 11:12:13][INFO] Create new connection to LaoSchool DB 
[2016-11-03 11:12:13][ERROR] MAIN THREAD Exception message = The url cannot be null 
[2016-11-03 11:12:13][ERROR] MAIN THREAD 	java.sql.DriverManager.getConnection(DriverManager.java:564) 
[2016-11-03 11:12:13][ERROR] MAIN THREAD 	java.sql.DriverManager.getConnection(DriverManager.java:221) 
[2016-11-03 11:12:13][ERROR] MAIN THREAD 	com.itpro.laoschool.firebase.FireBase_DA.getConn(FireBase_DA.java:58) 
[2016-11-03 11:12:13][ERROR] MAIN THREAD 	com.itpro.laoschool.firebase.FireBase_DA.get_firebase_list(FireBase_DA.java:126) 
[2016-11-03 11:12:13][ERROR] MAIN THREAD 	com.itpro.laoschool.firebase.ClsMain.main(ClsMain.java:84) 
[2016-11-03 11:12:13][INFO] Create new connection to LaoSchool DB 
[2016-11-03 11:12:35][INFO] MAIN THREAD - Start !!!, to exit, please make a file:" ./exit.exit 
[2016-11-03 11:12:35][INFO]  propertiesPath-D:\Dropbox\Working\Git\LAOSChool\LaoESchool\WIP\SourceCode\Java\laoschool_firebase\. 
[2016-11-03 11:12:35][INFO]  propertiesPath-FIREBASE_FCM_AUTH_KEY:AIzaSyCisIWVItd72I8Ha9_UGfIR79JwdipzDcA 
[2016-11-03 11:12:35][INFO] ThreadSend[0] Started 
[2016-11-03 11:12:35][INFO] ThreadSend[1] Started 
[2016-11-03 11:12:35][INFO] Create new connection to LaoSchool DB 
[2016-11-03 11:12:35][INFO] ThreadSend[2] Started 
[2016-11-03 11:12:35][ERROR] MAIN THREAD Exception message = The url cannot be null 
[2016-11-03 11:12:35][ERROR] MAIN THREAD 	java.sql.DriverManager.getConnection(DriverManager.java:564) 
[2016-11-03 11:12:35][ERROR] MAIN THREAD 	java.sql.DriverManager.getConnection(DriverManager.java:221) 
[2016-11-03 11:12:35][ERROR] MAIN THREAD 	com.itpro.laoschool.firebase.FireBase_DA.getConn(FireBase_DA.java:58) 
[2016-11-03 11:12:35][ERROR] MAIN THREAD 	com.itpro.laoschool.firebase.FireBase_DA.get_firebase_list(FireBase_DA.java:126) 
[2016-11-03 11:12:35][ERROR] MAIN THREAD 	com.itpro.laoschool.firebase.ClsMain.main(ClsMain.java:84) 
[2016-11-03 11:12:35][INFO] Create new connection to LaoSchool DB 
[2016-11-03 11:12:43][INFO] Create new connection to LaoSchool DB 
[2016-11-03 11:12:43][ERROR] MAIN THREAD Exception message = The url cannot be null 
[2016-11-03 11:12:43][ERROR] MAIN THREAD 	java.sql.DriverManager.getConnection(DriverManager.java:564) 
[2016-11-03 11:12:43][ERROR] MAIN THREAD 	java.sql.DriverManager.getConnection(DriverManager.java:221) 
[2016-11-03 11:12:43][ERROR] MAIN THREAD 	com.itpro.laoschool.firebase.FireBase_DA.getConn(FireBase_DA.java:58) 
[2016-11-03 11:12:43][ERROR] MAIN THREAD 	com.itpro.laoschool.firebase.FireBase_DA.get_firebase_list(FireBase_DA.java:126) 
[2016-11-03 11:12:43][ERROR] MAIN THREAD 	com.itpro.laoschool.firebase.ClsMain.main(ClsMain.java:84) 
[2016-11-03 11:12:43][INFO] Create new connection to LaoSchool DB 
[2016-11-03 11:13:03][INFO] MAIN THREAD - Start !!!, to exit, please make a file:" ./exit.exit 
[2016-11-03 11:13:03][INFO]  propertiesPath-D:\Dropbox\Working\Git\LAOSChool\LaoESchool\WIP\SourceCode\Java\laoschool_firebase\. 
[2016-11-03 11:13:03][INFO]  propertiesPath-FIREBASE_FCM_AUTH_KEY:AIzaSyCisIWVItd72I8Ha9_UGfIR79JwdipzDcA 
[2016-11-03 11:13:03][INFO] ThreadSend[0] Started 
[2016-11-03 11:13:03][INFO] ThreadSend[1] Started 
[2016-11-03 11:13:03][INFO] Create new connection to LaoSchool DB 
[2016-11-03 11:13:03][INFO] ThreadSend[2] Started 
[2016-11-03 11:13:03][ERROR] MAIN THREAD Exception message = The url cannot be null 
[2016-11-03 11:13:03][ERROR] MAIN THREAD 	java.sql.DriverManager.getConnection(DriverManager.java:564) 
[2016-11-03 11:13:03][ERROR] MAIN THREAD 	java.sql.DriverManager.getConnection(DriverManager.java:221) 
[2016-11-03 11:13:03][ERROR] MAIN THREAD 	com.itpro.laoschool.firebase.FireBase_DA.getConn(FireBase_DA.java:58) 
[2016-11-03 11:13:03][ERROR] MAIN THREAD 	com.itpro.laoschool.firebase.FireBase_DA.get_firebase_list(FireBase_DA.java:126) 
[2016-11-03 11:13:03][ERROR] MAIN THREAD 	com.itpro.laoschool.firebase.ClsMain.main(ClsMain.java:84) 
[2016-11-03 11:13:03][INFO] Create new connection to LaoSchool DB 
[2016-11-03 11:14:39][INFO] MAIN THREAD - Start !!!, to exit, please make a file:" ./exit.exit 
[2016-11-03 11:14:39][INFO]  propertiesPath-D:\Dropbox\Working\Git\LAOSChool\LaoESchool\WIP\SourceCode\Java\laoschool_firebase\. 
[2016-11-03 11:14:39][INFO]  propertiesPath-FIREBASE_FCM_AUTH_KEY:AIzaSyCisIWVItd72I8Ha9_UGfIR79JwdipzDcA 
[2016-11-03 11:14:39][INFO] ThreadSend[0] Started 
[2016-11-03 11:14:39][INFO] ThreadSend[1] Started 
[2016-11-03 11:14:39][INFO] Create new connection to LaoSchool DB 
[2016-11-03 11:14:39][INFO] ThreadSend[2] Started 
[2016-11-03 11:14:39][ERROR] MAIN THREAD Exception message = The url cannot be null 
[2016-11-03 11:14:39][ERROR] MAIN THREAD 	java.sql.DriverManager.getConnection(DriverManager.java:564) 
[2016-11-03 11:14:39][ERROR] MAIN THREAD 	java.sql.DriverManager.getConnection(DriverManager.java:221) 
[2016-11-03 11:14:39][ERROR] MAIN THREAD 	com.itpro.laoschool.firebase.FireBase_DA.getConn(FireBase_DA.java:58) 
[2016-11-03 11:14:39][ERROR] MAIN THREAD 	com.itpro.laoschool.firebase.FireBase_DA.get_firebase_list(FireBase_DA.java:126) 
[2016-11-03 11:14:39][ERROR] MAIN THREAD 	com.itpro.laoschool.firebase.ClsMain.main(ClsMain.java:84) 
[2016-11-03 11:14:39][INFO] Create new connection to LaoSchool DB 
